0 info it worked if it ends with ok
1 verbose cli [ 'node', '/usr/local/bin/npm', 'publish' ]
2 info using npm@2.8.3
3 info using node@v0.12.0
4 verbose publish [ '.' ]
5 silly cache add args [ '.', null ]
6 verbose cache add spec .
7 silly cache add parsed spec { raw: '.',
7 silly cache add   scope: null,
7 silly cache add   name: null,
7 silly cache add   rawSpec: '.',
7 silly cache add   spec: '/Users/mjimenez/Documents/Gulp/gulp-git-changed',
7 silly cache add   type: 'directory' }
8 verbose addLocalDirectory /Users/mjimenez/.npm/gulp-git-changed/0.2.0/package.tgz not in flight; packing
9 verbose tar pack [ '/Users/mjimenez/.npm/gulp-git-changed/0.2.0/package.tgz',
9 verbose tar pack   '/Users/mjimenez/Documents/Gulp/gulp-git-changed' ]
10 verbose tarball /Users/mjimenez/.npm/gulp-git-changed/0.2.0/package.tgz
11 verbose folder /Users/mjimenez/Documents/Gulp/gulp-git-changed
12 info prepublish gulp-git-changed@0.2.0
13 verbose addLocalTarball adding from inside cache /Users/mjimenez/.npm/gulp-git-changed/0.2.0/package.tgz
14 silly cache afterAdd gulp-git-changed@0.2.0
15 verbose afterAdd /Users/mjimenez/.npm/gulp-git-changed/0.2.0/package/package.json not in flight; writing
16 verbose afterAdd /Users/mjimenez/.npm/gulp-git-changed/0.2.0/package/package.json written
17 silly publish { name: 'gulp-git-changed',
17 silly publish   version: '0.2.0',
17 silly publish   description: 'Filter files by only those changed between the last commit and HEAD',
17 silly publish   license: 'MIT',
17 silly publish   repository:
17 silly publish    { type: 'git',
17 silly publish      url: 'git://github.com/miguelrjim/gulp-git-changed.git' },
17 silly publish   author:
17 silly publish    { name: 'Miguel Jimenez',
17 silly publish      email: 'miguel.ricardo.jimenez.gomez@gmail.com',
17 silly publish      url: 'https://github.com/miguelrim' },
17 silly publish   engines: { node: '>=0.10.0' },
17 silly publish   main: 'index.js',
17 silly publish   files: [ 'index.js', 'package.json', 'README.md', 'LICENSE.md' ],
17 silly publish   keywords: [ 'gulpplugin' ],
17 silly publish   dependencies: { 'gulp-util': '^3.0.1', through2: '^0.6.3' },
17 silly publish   readme: '## Install\n\n```\n$ npm install --save-dev gulp-git-changed\n```\n\n\n## Usage\n\n```js\nvar gulp = require(\'gulp\');\nvar gitChanged = require(\'gulp-git-changed\');\n\ngulp.task(\'default\', function () {\n\treturn gulp.src(\'src/file.ext\')\n\t\t.pipe(gitChanged({\n      file: \'hash-file\',\n      src: \'src/\'\n    }))\n\t\t.pipe(gulp.dest(\'dist\'));\n});\n```\n\n## License\n\nMIT © [Miguel Jimenez](https://github.com/miguelrjim)\n',
17 silly publish   readmeFilename: 'README.md',
17 silly publish   gitHead: '3fca7a1c2832b82e30820d2191e52dfc2cace583',
17 silly publish   bugs: { url: 'https://github.com/miguelrjim/gulp-git-changed/issues' },
17 silly publish   homepage: 'https://github.com/miguelrjim/gulp-git-changed#readme',
17 silly publish   _id: 'gulp-git-changed@0.2.0',
17 silly publish   scripts: {},
17 silly publish   _shasum: '781a835bde5c9e224515a178e7aa0bd9a26a7ba8',
17 silly publish   _from: '.' }
18 silly mapToRegistry name gulp-git-changed
19 silly mapToRegistry using default registry
20 silly mapToRegistry registry https://registry.npmjs.org/
21 silly mapToRegistry uri https://registry.npmjs.org/gulp-git-changed
22 verbose publish registryBase https://registry.npmjs.org/
23 silly publish uploading /Users/mjimenez/.npm/gulp-git-changed/0.2.0/package.tgz
24 verbose request uri https://registry.npmjs.org/gulp-git-changed
25 verbose request sending authorization for write operation
26 info attempt registry request try #1 at 5:29:33 PM
27 verbose request using bearer token for auth
28 verbose request id 761f1a195022b62e
29 http request PUT https://registry.npmjs.org/gulp-git-changed
30 http 403 https://registry.npmjs.org/gulp-git-changed
31 verbose headers { date: 'Fri, 24 Apr 2015 00:29:34 GMT',
31 verbose headers   server: 'Apache',
31 verbose headers   'content-type': 'application/json',
31 verbose headers   'cache-control': 'max-age=60',
31 verbose headers   'content-length': '95',
31 verbose headers   'accept-ranges': 'bytes',
31 verbose headers   via: '1.1 varnish',
31 verbose headers   'x-served-by': 'cache-sjc3131-SJC',
31 verbose headers   'x-cache': 'MISS',
31 verbose headers   'x-cache-hits': '0',
31 verbose headers   'x-timer': 'S1429835373.496404,VS0,VE657',
31 verbose headers   'keep-alive': 'timeout=10, max=50',
31 verbose headers   connection: 'Keep-Alive' }
32 verbose request invalidating /Users/mjimenez/.npm/registry.npmjs.org/gulp-git-changed on PUT
33 error publish Failed PUT 403
34 verbose stack Error: "You cannot publish over the previously published version 0.2.0." : gulp-git-changed
34 verbose stack     at CachingRegistryClient.<anonymous> (/usr/local/lib/node_modules/npm/node_modules/npm-registry-client/lib/request.js:247:14)
34 verbose stack     at Request._callback (/usr/local/lib/node_modules/npm/node_modules/npm-registry-client/lib/request.js:170:14)
34 verbose stack     at Request.self.callback (/usr/local/lib/node_modules/npm/node_modules/request/request.js:368:22)
34 verbose stack     at Request.emit (events.js:110:17)
34 verbose stack     at Request.<anonymous> (/usr/local/lib/node_modules/npm/node_modules/request/request.js:1219:14)
34 verbose stack     at Request.emit (events.js:129:20)
34 verbose stack     at IncomingMessage.<anonymous> (/usr/local/lib/node_modules/npm/node_modules/request/request.js:1167:12)
34 verbose stack     at IncomingMessage.emit (events.js:129:20)
34 verbose stack     at _stream_readable.js:908:16
34 verbose stack     at process._tickCallback (node.js:355:11)
35 verbose statusCode 403
36 verbose pkgid gulp-git-changed
37 verbose cwd /Users/mjimenez/Documents/Gulp/gulp-git-changed
38 error Darwin 13.4.0
39 error argv "node" "/usr/local/bin/npm" "publish"
40 error node v0.12.0
41 error npm  v2.8.3
42 error code E403
43 error "You cannot publish over the previously published version 0.2.0." : gulp-git-changed
44 error If you need help, you may report this error at:
44 error     <https://github.com/npm/npm/issues>
45 verbose exit [ 1, true ]
